2015-11-18 13:31:34 INFO  Main:38 - Try load file from resource => text.txt
2015-11-18 13:31:34 DEBUG Parser:16 - == Start parsing text ==
2015-11-18 13:31:34 DEBUG Parser:17 - Source text => ﻿    Привязанный к выступающему камню плот вздрогнул и покачнулся. Покачнулся так, словно что-то его толкнуло и слега
приподняло. Еще мгновение, и в гнилую древесину бревна вцепились мокрые белесые пальцы с почерневшими и неимоверно
отросшими ногтями. Несколько черно-серых кривых ногтей мгновенно сломались, с едва слышным противным хрустом. Но на
мертвую хватку руки это не повлияло – пальцы вцепились еще крепче, напряглись, принимая на себя вес кого-то, силящегося
выбраться из стылой воды мертвого озера, раскинувшегося поверх руин некогда великого портового города.
    Когда стоящий позади своих сородичей темный гоблин ощутил на своей лодыжке мертвую хватку, за которой сразу последовала
резкая ослепляющая боль, он еще успел пронзительно вскрикнуть и инстинктивно взглянуть вниз. Гоблин успел заметить
вонзившийся в его ногу странной формы кинжал и сжатую на его рукояти уродливую разбухшую ладонь. Издать крик ужаса он
уже не успел. Горло перехватил спазм, сердце судорожно дернулось, затрепыхалось, и затихло навсегда. Шурд умер не от
смертельного удара и уж тем более не от потери крови. Да и рана была неглубокой. Нет. Гоблин умер от мгновенной потери
жизненной энергии. И от непереносимой боли. Старший Близнец причинял своим жертвам ужасные муки. В ногу гоблина
вонзилось именно его искривленное и зубастое лезвие – страшное просто одним своим видом, а уж если вонзится в живую плоть.
    С коротким отрывистым стоном шурд упал на обледеневшие ступени и с легким плеском соскользнул в черные воды мертвого
озера, исчезая в ней навсегда. То ли его сородичи не были настолько поглощены молитвой, то ли проявились звериные
инстинкты, предостерегшие о смертельной опасности, но все резко обернулись к источнику шума. Обернулись и замерли от
непонимания происходящего – стоявший позади сородич бесследно исчез, а из ледяной воды медленно поднималась человеческая
фигура, окутанная морозным паром. Синие губы кривились в судороге, вместо глаз - выпученные бельма, светлые волосы
мокрыми сосульками облепили смертельно бледное лицо с проступающим сквозь кожу темным узором вен. Ни одно существо не
могло выглядеть так страшно и при этом сохранять способность к движению.

2015-11-18 13:31:34 DEBUG Parser:50 - == Finish parse ==
2015-11-18 13:31:34 DEBUG Main:31 - <<<< Text cleaning >>>>
2015-11-18 13:31:34 DEBUG Main:32 - ﻿ Привязанный к выступающему камню плот вздрогнул и покачнулся. Покачнулся так, словно что-то его толкнуло и слега
приподняло. Еще мгновение, и в гнилую древесину бревна вцепились мокрые белесые пальцы с почерневшими и неимоверно
отросшими ногтями. Несколько черно-серых кривых ногтей мгновенно сломались, с едва слышным противным хрустом. Но на
мертвую хватку руки это не повлияло – пальцы вцепились еще крепче, напряглись, принимая на себя вес кого-то, силящегося
выбраться из стылой воды мертвого озера, раскинувшегося поверх руин некогда великого портового города. Когда стоящий позади своих сородичей темный гоблин ощутил на своей лодыжке мертвую хватку, за которой сразу последовала
резкая ослепляющая боль, он еще успел пронзительно вскрикнуть и инстинктивно взглянуть вниз. Гоблин успел заметить
вонзившийся в его ногу странной формы кинжал и сжатую на его рукояти уродливую разбухшую ладонь. Издать крик ужаса он
уже не успел. Горло перехватил спазм, сердце судорожно дернулось, затрепыхалось, и затихло навсегда. Шурд умер не от
смертельного удара и уж тем более не от потери крови. Да и рана была неглубокой. Нет. Гоблин умер от мгновенной потери
жизненной энергии. И от непереносимой боли. Старший Близнец причинял своим жертвам ужасные муки. В ногу гоблина
вонзилось именно его искривленное и зубастое лезвие – страшное просто одним своим видом, а уж если вонзится в живую плоть. С коротким отрывистым стоном шурд упал на обледеневшие ступени и с легким плеском соскользнул в черные воды мертвого
озера, исчезая в ней навсегда. То ли его сородичи не были настолько поглощены молитвой, то ли проявились звериные
инстинкты, предостерегшие о смертельной опасности, но все резко обернулись к источнику шума. Обернулись и замерли от
непонимания происходящего – стоявший позади сородич бесследно исчез, а из ледяной воды медленно поднималась человеческая
фигура, окутанная морозным паром. Синие губы кривились в судороге, вместо глаз - выпученные бельма, светлые волосы
мокрыми сосульками облепили смертельно бледное лицо с проступающим сквозь кожу темным узором вен. Ни одно существо не
могло выглядеть так страшно и при этом сохранять способность к движению.

2015-11-18 13:31:34 DEBUG Main:33 - <<<< Finish cleaning >>>>
2015-11-18 13:32:13 INFO  Main:38 - Try load file from resource => text.txt
2015-11-18 13:32:13 DEBUG Parser:16 - == Start parsing text ==
2015-11-18 13:32:13 DEBUG Parser:17 - Source text => ﻿    Привязанный к выступающему камню плот вздрогнул и покачнулся. Покачнулся так, словно что-то его толкнуло и слега
приподняло. Еще мгновение, и в гнилую древесину бревна вцепились мокрые белесые пальцы с почерневшими и неимоверно
отросшими ногтями. Несколько черно-серых кривых ногтей мгновенно сломались, с едва слышным противным хрустом. Но на
мертвую хватку руки это не повлияло – пальцы вцепились еще крепче, напряглись, принимая на себя вес кого-то, силящегося
выбраться из стылой воды мертвого озера, раскинувшегося поверх руин некогда великого портового города.
    Когда стоящий позади своих сородичей темный гоблин ощутил на своей лодыжке мертвую хватку, за которой сразу последовала
резкая ослепляющая боль, он еще успел пронзительно вскрикнуть и инстинктивно взглянуть вниз. Гоблин успел заметить
вонзившийся в его ногу странной формы кинжал и сжатую на его рукояти уродливую разбухшую ладонь. Издать крик ужаса он
уже не успел. Горло перехватил спазм, сердце судорожно дернулось, затрепыхалось, и затихло навсегда. Шурд умер не от
смертельного удара и уж тем более не от потери крови. Да и рана была неглубокой. Нет. Гоблин умер от мгновенной потери
жизненной энергии. И от непереносимой боли. Старший Близнец причинял своим жертвам ужасные муки. В ногу гоблина
вонзилось именно его искривленное и зубастое лезвие – страшное просто одним своим видом, а уж если вонзится в живую плоть.
    С коротким отрывистым стоном шурд упал на обледеневшие ступени и с легким плеском соскользнул в черные воды мертвого
озера, исчезая в ней навсегда. То ли его сородичи не были настолько поглощены молитвой, то ли проявились звериные
инстинкты, предостерегшие о смертельной опасности, но все резко обернулись к источнику шума. Обернулись и замерли от
непонимания происходящего – стоявший позади сородич бесследно исчез, а из ледяной воды медленно поднималась человеческая
фигура, окутанная морозным паром. Синие губы кривились в судороге, вместо глаз - выпученные бельма, светлые волосы
мокрыми сосульками облепили смертельно бледное лицо с проступающим сквозь кожу темным узором вен. Ни одно существо не
могло выглядеть так страшно и при этом сохранять способность к движению.

2015-11-18 13:32:13 DEBUG Parser:50 - == Finish parse ==
2015-11-18 13:32:13 DEBUG Main:31 - <<<< Text cleaning >>>>
2015-11-18 13:32:13 DEBUG Main:32 - ﻿ Привязанный к выступающему камню плот вздрогнул и покачнулся. Покачнулся так, словно что-то его толкнуло и слега
приподняло. Еще мгновение, и в гнилую древесину бревна вцепились мокрые белесые пальцы с почерневшими и неимоверно
отросшими ногтями. Несколько черно-серых кривых ногтей мгновенно сломались, с едва слышным противным хрустом. Но на
мертвую хватку руки это не повлияло – пальцы вцепились еще крепче, напряглись, принимая на себя вес кого-то, силящегося
выбраться из стылой воды мертвого озера, раскинувшегося поверх руин некогда великого портового города. Когда стоящий позади своих сородичей темный гоблин ощутил на своей лодыжке мертвую хватку, за которой сразу последовала
резкая ослепляющая боль, он еще успел пронзительно вскрикнуть и инстинктивно взглянуть вниз. Гоблин успел заметить
вонзившийся в его ногу странной формы кинжал и сжатую на его рукояти уродливую разбухшую ладонь. Издать крик ужаса он
уже не успел. Горло перехватил спазм, сердце судорожно дернулось, затрепыхалось, и затихло навсегда. Шурд умер не от
смертельного удара и уж тем более не от потери крови. Да и рана была неглубокой. Нет. Гоблин умер от мгновенной потери
жизненной энергии. И от непереносимой боли. Старший Близнец причинял своим жертвам ужасные муки. В ногу гоблина
вонзилось именно его искривленное и зубастое лезвие – страшное просто одним своим видом, а уж если вонзится в живую плоть. С коротким отрывистым стоном шурд упал на обледеневшие ступени и с легким плеском соскользнул в черные воды мертвого
озера, исчезая в ней навсегда. То ли его сородичи не были настолько поглощены молитвой, то ли проявились звериные
инстинкты, предостерегшие о смертельной опасности, но все резко обернулись к источнику шума. Обернулись и замерли от
непонимания происходящего – стоявший позади сородич бесследно исчез, а из ледяной воды медленно поднималась человеческая
фигура, окутанная морозным паром. Синие губы кривились в судороге, вместо глаз - выпученные бельма, светлые волосы
мокрыми сосульками облепили смертельно бледное лицо с проступающим сквозь кожу темным узором вен. Ни одно существо не
могло выглядеть так страшно и при этом сохранять способность к движению.

2015-11-18 13:32:13 DEBUG Main:33 - <<<< Finish cleaning >>>>
2015-11-18 13:32:44 INFO  Main:38 - Try load file from resource => text.txt
2015-11-18 13:32:44 DEBUG Parser:16 - == Start parsing text ==
2015-11-18 13:32:44 DEBUG Parser:17 - Source text => ﻿    Привязанный к выступающему камню плот вздрогнул и покачнулся. Покачнулся так, словно что-то его толкнуло и слега
приподняло. Еще мгновение, и в гнилую древесину бревна вцепились мокрые белесые пальцы с почерневшими и неимоверно
отросшими ногтями. Несколько черно-серых кривых ногтей мгновенно сломались, с едва слышным противным хрустом. Но на
мертвую хватку руки это не повлияло – пальцы вцепились еще крепче, напряглись, принимая на себя вес кого-то, силящегося
выбраться из стылой воды мертвого озера, раскинувшегося поверх руин некогда великого портового города.
    Когда стоящий позади своих сородичей темный гоблин ощутил на своей лодыжке мертвую хватку, за которой сразу последовала
резкая ослепляющая боль, он еще успел пронзительно вскрикнуть и инстинктивно взглянуть вниз. Гоблин успел заметить
вонзившийся в его ногу странной формы кинжал и сжатую на его рукояти уродливую разбухшую ладонь. Издать крик ужаса он
уже не успел. Горло перехватил спазм, сердце судорожно дернулось, затрепыхалось, и затихло навсегда. Шурд умер не от
смертельного удара и уж тем более не от потери крови. Да и рана была неглубокой. Нет. Гоблин умер от мгновенной потери
жизненной энергии. И от непереносимой боли. Старший Близнец причинял своим жертвам ужасные муки. В ногу гоблина
вонзилось именно его искривленное и зубастое лезвие – страшное просто одним своим видом, а уж если вонзится в живую плоть.
    С коротким отрывистым стоном шурд упал на обледеневшие ступени и с легким плеском соскользнул в черные воды мертвого
озера, исчезая в ней навсегда. То ли его сородичи не были настолько поглощены молитвой, то ли проявились звериные
инстинкты, предостерегшие о смертельной опасности, но все резко обернулись к источнику шума. Обернулись и замерли от
непонимания происходящего – стоявший позади сородич бесследно исчез, а из ледяной воды медленно поднималась человеческая
фигура, окутанная морозным паром. Синие губы кривились в судороге, вместо глаз - выпученные бельма, светлые волосы
мокрыми сосульками облепили смертельно бледное лицо с проступающим сквозь кожу темным узором вен. Ни одно существо не
могло выглядеть так страшно и при этом сохранять способность к движению.

2015-11-18 13:32:44 DEBUG Parser:50 - == Finish parse ==
2015-11-18 13:32:44 DEBUG Main:31 - <<<< Text cleaning >>>>
2015-11-18 13:32:44 DEBUG Main:32 - ﻿ Привязанный к выступающему камню плот вздрогнул и покачнулся. Покачнулся так, словно что-то его толкнуло и слега
приподняло. Еще мгновение, и в гнилую древесину бревна вцепились мокрые белесые пальцы с почерневшими и неимоверно
отросшими ногтями. Несколько черно-серых кривых ногтей мгновенно сломались, с едва слышным противным хрустом. Но 
мертвую хватку руки это  повлияло – пальцы вцепились еще крепче, напряглись, принимая  себя вес кого-то, силящегося
выбраться из стылой воды мертвого озера, раскинувшегося поверх руин некогда великого портового города. Когда стоящий позади своих сородичей темный гоблин ощутил  своей лодыжке мертвую хватку, за которой сразу последовала
резкая ослепляющая боль, он еще успел пронзительно вскрикнуть и инстинктивно взглянуть вниз. Гоблин успел заметить
вонзившийся в его ногу странной формы кинжал и сжатую  его рукояти уродливую разбухшую ладонь. Издать крик ужаса он
уже  успел. Горло перехватил спазм, сердце судорожно дернулось, затрепыхалось, и затихло навсегда. Шурд умер  от
смертельного удара и уж тем более  от потери крови. Да и рана была неглубокой. Нет. Гоблин умер от мгновенной потери
жизненной энергии. И от непереносимой боли. Старший Близнец причинял своим жертвам ужасные муки. В ногу гоблина
вонзилось именно его искривленное и зубастое лезвие – страшное просто одним своим видом, а уж если вонзится в живую плоть. С коротким отрывистым стоном шурд упал  обледеневшие ступени и с легким плеском соскользнул в черные воды мертвого
озера, исчезая в ней навсегда. То ли его сородичи  были настолько поглощены молитвой, то ли проявились звериные
инстинкты, предостерегшие о смертельной опасности,  все резко обернулись к источнику шума. Обернулись и замерли от
непонимания происходящего – стоявший позади сородич бесследно исчез, а из ледяной воды медленно поднималась человеческая
фигура, окутанная морозным паром. Синие губы кривились в судороге, вместо глаз - выпученные бельма, светлые волосы
мокрыми сосульками облепили смертельно бледное лицо с проступающим сквозь кожу темным узором вен. Ни одно существо 
могло выглядеть так страшно и при этом сохранять способность к движению.

2015-11-18 13:32:44 DEBUG Main:33 - <<<< Finish cleaning >>>>
2015-11-18 13:34:37 INFO  Main:38 - Try load file from resource => text.txt
2015-11-18 13:34:37 DEBUG Parser:16 - == Start parsing text ==
2015-11-18 13:34:37 DEBUG Parser:17 - Source text => ﻿    Привязанный к выступающему камню плот вздрогнул и покачнулся. Покачнулся так, словно что-то его толкнуло и слега
приподняло. Еще мгновение, и в гнилую древесину бревна вцепились мокрые белесые пальцы с почерневшими и неимоверно
отросшими ногтями. Несколько черно-серых кривых ногтей мгновенно сломались, с едва слышным противным хрустом. Но на
мертвую хватку руки это не повлияло – пальцы вцепились еще крепче, напряглись, принимая на себя вес кого-то, силящегося
выбраться из стылой воды мертвого озера, раскинувшегося поверх руин некогда великого портового города.
    Когда стоящий позади своих сородичей темный гоблин ощутил на своей лодыжке мертвую хватку, за которой сразу последовала
резкая ослепляющая боль, он еще успел пронзительно вскрикнуть и инстинктивно взглянуть вниз. Гоблин успел заметить
вонзившийся в его ногу странной формы кинжал и сжатую на его рукояти уродливую разбухшую ладонь. Издать крик ужаса он
уже не успел. Горло перехватил спазм, сердце судорожно дернулось, затрепыхалось, и затихло навсегда. Шурд умер не от
смертельного удара и уж тем более не от потери крови. Да и рана была неглубокой. Нет. Гоблин умер от мгновенной потери
жизненной энергии. И от непереносимой боли. Старший Близнец причинял своим жертвам ужасные муки. В ногу гоблина
вонзилось именно его искривленное и зубастое лезвие – страшное просто одним своим видом, а уж если вонзится в живую плоть.
    С коротким отрывистым стоном шурд упал на обледеневшие ступени и с легким плеском соскользнул в черные воды мертвого
озера, исчезая в ней навсегда. То ли его сородичи не были настолько поглощены молитвой, то ли проявились звериные
инстинкты, предостерегшие о смертельной опасности, но все резко обернулись к источнику шума. Обернулись и замерли от
непонимания происходящего – стоявший позади сородич бесследно исчез, а из ледяной воды медленно поднималась человеческая
фигура, окутанная морозным паром. Синие губы кривились в судороге, вместо глаз - выпученные бельма, светлые волосы
мокрыми сосульками облепили смертельно бледное лицо с проступающим сквозь кожу темным узором вен. Ни одно существо не
могло выглядеть так страшно и при этом сохранять способность к движению.

2015-11-18 13:34:37 DEBUG Parser:50 - == Finish parse ==
2015-11-18 13:34:37 DEBUG Main:31 - <<<< Text cleaning >>>>
2015-11-18 13:34:37 DEBUG Main:32 - ﻿ Привязанный к выступающему камню плот вздрогнул и покачнулся. Покачнулся так, словно что-то его толкнуло и слега
приподняло. Еще мгновение, и в гнилую древесину бревна вцепились мокрые белесые пальцы с почерневшими и неимоверно
отросшими ногтями. Несколько черно-серых кривых ногтей мгновенно сломались, с едва слышным противным хрустом. Но 
мертвую хватку руки это  повлияло – пальцы вцепились еще крепче, напряглись, принимая  себя вес кого-то, силящегося
выбраться из стылой воды мертвого озера, раскинувшегося поверх руин некогда великого портового города. Когда стоящий позади своих сородичей темный гоблин ощутил  своей лодыжке мертвую хватку, за которой сразу последовала
резкая ослепляющая боль, он еще успел пронзительно вскрикнуть и инстинктивно взглянуть вниз. Гоблин успел заметить
вонзившийся в его ногу странной формы кинжал и сжатую  его рукояти уродливую разбухшую ладонь. Издать крик ужаса он
уже  успел. Горло перехватил спазм, сердце судорожно дернулось, затрепыхалось, и затихло навсегда. Шурд умер  от
смертельного удара и уж тем более  от потери крови. Да и рана была неглубокой. Нет. Гоблин умер от мгновенной потери
жизненной энергии. И от непереносимой боли. Старший Близнец причинял своим жертвам ужасные муки. В ногу гоблина
вонзилось именно его искривленное и зубастое лезвие – страшное просто одним своим видом, а уж если вонзится в живую плоть. С коротким отрывистым стоном шурд упал  обледеневшие ступени и с легким плеском соскользнул в черные воды мертвого
озера, исчезая в ней навсегда. То ли его сородичи  были настолько поглощены молитвой, то ли проявились звериные
инстинкты, предостерегшие о смертельной опасности,  все резко обернулись к источнику шума. Обернулись и замерли от
непонимания происходящего – стоявший позади сородич бесследно исчез, а из ледяной воды медленно поднималась человеческая
фигура, окутанная морозным паром. Синие губы кривились в судороге, вместо глаз - выпученные бельма, светлые волосы
мокрыми сосульками облепили смертельно бледное лицо с проступающим сквозь кожу темным узором вен. Ни одно существо 
могло выглядеть так страшно и при этом сохранять способность к движению.

2015-11-18 13:34:37 DEBUG Main:33 - <<<< Finish cleaning >>>>
2015-11-18 13:50:05 INFO  Main:38 - Try load file from resource => text.txt
2015-11-18 13:50:05 DEBUG Parser:16 - == Start parsing text ==
2015-11-18 13:50:05 DEBUG Parser:17 - Source text => ﻿    Привязанный к выступающему камню плот вздрогнул и покачнулся. Покачнулся так, словно что-то его толкнуло и слега
приподняло. Еще мгновение, и в гнилую древесину бревна вцепились мокрые белесые пальцы с почерневшими и неимоверно
отросшими ногтями. Несколько черно-серых кривых ногтей мгновенно сломались, с едва слышным противным хрустом. Но на
мертвую хватку руки это не повлияло – пальцы вцепились еще крепче, напряглись, принимая на себя вес кого-то, силящегося
выбраться из стылой воды мертвого озера, раскинувшегося поверх руин некогда великого портового города.
    Когда стоящий позади своих сородичей темный гоблин ощутил на своей лодыжке мертвую хватку, за которой сразу последовала
резкая ослепляющая боль, он еще успел пронзительно вскрикнуть и инстинктивно взглянуть вниз. Гоблин успел заметить
вонзившийся в его ногу странной формы кинжал и сжатую на его рукояти уродливую разбухшую ладонь. Издать крик ужаса он
уже не успел. Горло перехватил спазм, сердце судорожно дернулось, затрепыхалось, и затихло навсегда. Шурд умер не от
смертельного удара и уж тем более не от потери крови. Да и рана была неглубокой. Нет. Гоблин умер от мгновенной потери
жизненной энергии. И от непереносимой боли. Старший Близнец причинял своим жертвам ужасные муки. В ногу гоблина
вонзилось именно его искривленное и зубастое лезвие – страшное просто одним своим видом, а уж если вонзится в живую плоть.
    С коротким отрывистым стоном шурд упал на обледеневшие ступени и с легким плеском соскользнул в черные воды мертвого
озера, исчезая в ней навсегда. То ли его сородичи не были настолько поглощены молитвой, то ли проявились звериные
инстинкты, предостерегшие о смертельной опасности, но все резко обернулись к источнику шума. Обернулись и замерли от
непонимания происходящего – стоявший позади сородич бесследно исчез, а из ледяной воды медленно поднималась человеческая
фигура, окутанная морозным паром. Синие губы кривились в судороге, вместо глаз - выпученные бельма, светлые волосы
мокрыми сосульками облепили смертельно бледное лицо с проступающим сквозь кожу темным узором вен. Ни одно существо не
могло выглядеть так страшно и при этом сохранять способность к движению.

2015-11-18 13:50:05 DEBUG Parser:50 - == Finish parse ==
2015-11-18 13:50:05 DEBUG Main:31 - <<<< Text cleaning >>>>
2015-11-18 13:50:05 DEBUG Main:32 - ﻿ Привязанный к выступающему камню плот вздрогнул и покачнулся. Покачнулся так, словно что-то его толкнуло и слега
приподняло. Еще мгновение, и в гнилую древесину бревна вцепились мокрые белесые пальцы с почерневшими и неимоверно
отросшими ногтями. Несколько черно-серых кривых ногтей мгновенно сломались, с едва слышным противным хрустом. Но 
мертвую хватку руки это  повлияло – пальцы вцепились еще крепче, напряглись, принимая  себя вес кого-то, силящегося
выбраться из стылой воды мертвого озера, раскинувшегося поверх руин некогда великого портового города. Когда стоящий позади своих сородичей темный гоблин ощутил  своей лодыжке мертвую хватку, за которой сразу последовала
резкая ослепляющая боль, он еще успел пронзительно вскрикнуть и инстинктивно взглянуть вниз. Гоблин успел заметить
вонзившийся в его ногу странной формы кинжал и сжатую  его рукояти уродливую разбухшую ладонь. Издать крик ужаса он
уже  успел. Горло перехватил спазм, сердце судорожно дернулось, затрепыхалось, и затихло навсегда. Шурд умер  от
смертельного удара и уж тем более  от потери крови. Да и рана была неглубокой. Нет. Гоблин умер от мгновенной потери
жизненной энергии. И от непереносимой боли. Старший Близнец причинял своим жертвам ужасные муки. В ногу гоблина
вонзилось именно его искривленное и зубастое лезвие – страшное просто одним своим видом, а уж если вонзится в живую плоть. С коротким отрывистым стоном шурд упал  обледеневшие ступени и с легким плеском соскользнул в черные воды мертвого
озера, исчезая в ней навсегда. То ли его сородичи  были настолько поглощены молитвой, то ли проявились звериные
инстинкты, предостерегшие о смертельной опасности,  все резко обернулись к источнику шума. Обернулись и замерли от
непонимания происходящего – стоявший позади сородич бесследно исчез, а из ледяной воды медленно поднималась человеческая
фигура, окутанная морозным паром. Синие губы кривились в судороге, вместо глаз - выпученные бельма, светлые волосы
мокрыми сосульками облепили смертельно бледное лицо с проступающим сквозь кожу темным узором вен. Ни одно существо 
могло выглядеть так страшно и при этом сохранять способность к движению.

2015-11-18 13:50:05 DEBUG Main:33 - <<<< Finish cleaning >>>>
2015-11-18 21:13:58 INFO  Main:38 - Try load file from resource => text.txt
2015-11-18 21:13:58 DEBUG Parser:16 - == Start parsing text ==
2015-11-18 21:13:58 DEBUG Parser:17 - Source text => ﻿    Привязанный к выступающему камню плот вздрогнул и покачнулся. Покачнулся так, словно что-то его толкнуло и слега
приподняло. Еще мгновение, и в гнилую древесину бревна вцепились мокрые белесые пальцы с почерневшими и неимоверно
отросшими ногтями. Несколько черно-серых кривых ногтей мгновенно сломались, с едва слышным противным хрустом. Но на
мертвую хватку руки это не повлияло – пальцы вцепились еще крепче, напряглись, принимая на себя вес кого-то, силящегося
выбраться из стылой воды мертвого озера, раскинувшегося поверх руин некогда великого портового города.
    Когда стоящий позади своих сородичей темный гоблин ощутил на своей лодыжке мертвую хватку, за которой сразу последовала
резкая ослепляющая боль, он еще успел пронзительно вскрикнуть и инстинктивно взглянуть вниз. Гоблин успел заметить
вонзившийся в его ногу странной формы кинжал и сжатую на его рукояти уродливую разбухшую ладонь. Издать крик ужаса он
уже не успел. Горло перехватил спазм, сердце судорожно дернулось, затрепыхалось, и затихло навсегда. Шурд умер не от
смертельного удара и уж тем более не от потери крови. Да и рана была неглубокой. Нет. Гоблин умер от мгновенной потери
жизненной энергии. И от непереносимой боли. Старший Близнец причинял своим жертвам ужасные муки. В ногу гоблина
вонзилось именно его искривленное и зубастое лезвие – страшное просто одним своим видом, а уж если вонзится в живую плоть.
    С коротким отрывистым стоном шурд упал на обледеневшие ступени и с легким плеском соскользнул в черные воды мертвого
озера, исчезая в ней навсегда. То ли его сородичи не были настолько поглощены молитвой, то ли проявились звериные
инстинкты, предостерегшие о смертельной опасности, но все резко обернулись к источнику шума. Обернулись и замерли от
непонимания происходящего – стоявший позади сородич бесследно исчез, а из ледяной воды медленно поднималась человеческая
фигура, окутанная морозным паром. Синие губы кривились в судороге, вместо глаз - выпученные бельма, светлые волосы
мокрыми сосульками облепили смертельно бледное лицо с проступающим сквозь кожу темным узором вен. Ни одно существо не
могло выглядеть так страшно и при этом сохранять способность к движению.

2015-11-18 21:13:58 DEBUG Parser:50 - == Finish parse ==
2015-11-18 21:13:58 DEBUG Main:31 - <<<< Text cleaning >>>>
2015-11-18 21:13:58 DEBUG Main:32 - ﻿ Привязанный к выступающему камню плот вздрогнул и покачнулся. Покачнулся так, словно что-то его толкнуло и слега
приподняло. Еще мгновение, и в гнилую древесину бревна вцепились мокрые белесые пальцы с почерневшими и неимоверно
отросшими ногтями. Несколько черно-серых кривых ногтей мгновенно сломались, с едва слышным противным хрустом. Но 
мертвую хватку руки это  повлияло – пальцы вцепились еще крепче, напряглись, принимая  себя вес кого-то, силящегося
выбраться из стылой воды мертвого озера, раскинувшегося поверх руин некогда великого портового города. Когда стоящий позади своих сородичей темный гоблин ощутил  своей лодыжке мертвую хватку, за которой сразу последовала
резкая ослепляющая боль, он еще успел пронзительно вскрикнуть и инстинктивно взглянуть вниз. Гоблин успел заметить
вонзившийся в его ногу странной формы кинжал и сжатую  его рукояти уродливую разбухшую ладонь. Издать крик ужаса он
уже  успел. Горло перехватил спазм, сердце судорожно дернулось, затрепыхалось, и затихло навсегда. Шурд умер  от
смертельного удара и уж тем более  от потери крови. Да и рана была неглубокой. Нет. Гоблин умер от мгновенной потери
жизненной энергии. И от непереносимой боли. Старший Близнец причинял своим жертвам ужасные муки. В ногу гоблина
вонзилось именно его искривленное и зубастое лезвие – страшное просто одним своим видом, а уж если вонзится в живую плоть. С коротким отрывистым стоном шурд упал  обледеневшие ступени и с легким плеском соскользнул в черные воды мертвого
озера, исчезая в ней навсегда. То ли его сородичи  были настолько поглощены молитвой, то ли проявились звериные
инстинкты, предостерегшие о смертельной опасности,  все резко обернулись к источнику шума. Обернулись и замерли от
непонимания происходящего – стоявший позади сородич бесследно исчез, а из ледяной воды медленно поднималась человеческая
фигура, окутанная морозным паром. Синие губы кривились в судороге, вместо глаз - выпученные бельма, светлые волосы
мокрыми сосульками облепили смертельно бледное лицо с проступающим сквозь кожу темным узором вен. Ни одно существо 
могло выглядеть так страшно и при этом сохранять способность к движению.

2015-11-18 21:13:58 DEBUG Main:33 - <<<< Finish cleaning >>>>
